{
  "stats": {
    "suites": 1,
    "tests": 1,
    "passes": 1,
    "pending": 0,
    "failures": 0,
    "start": "2023-12-14T11:41:51.101Z",
    "end": "2023-12-14T11:42:03.950Z",
    "duration": 12849,
    "testsRegistered": 1,
    "passPercent": 100,
    "pendingPercent": 0,
    "other": 0,
    "hasOther": false,
    "skipped": 0,
    "hasSkipped": false
  },
  "results": [
    {
      "uuid": "4e860e85-4f69-465b-8916-e290ee564de0",
      "title": "",
      "fullFile": "cypress/e2e/login.cy.js",
      "file": "cypress/e2e/login.cy.js",
      "beforeHooks": [],
      "afterHooks": [],
      "tests": [],
      "suites": [
        {
          "uuid": "840acd31-c361-48bc-a001-9c18d19a7d4c",
          "title": "Login Page Testing of Admin UI",
          "fullFile": "",
          "file": "",
          "beforeHooks": [],
          "afterHooks": [],
          "tests": [
            {
              "title": "Testing Login By Credential",
              "fullTitle": "Login Page Testing of Admin UI Testing Login By Credential",
              "timedOut": null,
              "duration": 11257,
              "state": "passed",
              "speed": "slow",
              "pass": true,
              "fail": false,
              "pending": false,
              "context": null,
              "code": "//Click on login icon\ncy.get('a[href=\"/login-with-email\"]').click();\n//Input Email \ncy.get(':nth-child(4) > .w-full').type('demo@vixr.io');\n//Input Password\ncy.get('.relative > .w-full').type(\"demoBoss@123\");\n//Click on Login Button\ncy.get('.bg-default-button').click();",
              "err": {},
              "uuid": "1cacccbf-f014-4d79-85c7-8b053d1ebdd7",
              "parentUUID": "840acd31-c361-48bc-a001-9c18d19a7d4c",
              "isHook": false,
              "skipped": false
            }
          ],
          "suites": [],
          "passes": [
            "1cacccbf-f014-4d79-85c7-8b053d1ebdd7"
          ],
          "failures": [],
          "pending": [],
          "skipped": [],
          "duration": 11257,
          "root": false,
          "rootEmpty": false,
          "_timeout": 2000
        }
      ],
      "passes": [],
      "failures": [],
      "pending": [],
      "skipped": [],
      "duration": 0,
      "root": true,
      "rootEmpty": true,
      "_timeout": 2000
    }
  ],
  "meta": {
    "mocha": {
      "version": "7.0.1"
    },
    "mochawesome": {
      "options": {
        "quiet": false,
        "reportFilename": "mochawesome",
        "saveHtml": false,
        "saveJson": true,
        "consoleReporter": "spec",
        "useInlineDiffs": false,
        "code": true
      },
      "version": "7.1.3"
    },
    "marge": {
      "options": {
        "charts": true,
        "reportDir": "cypress/reports/mochawesome-report",
        "overwrite": false,
        "html": false,
        "json": true
      },
      "version": "6.2.0"
    }
  }
}